2024-12-22 22:46:05,892 - INFO - Starting notebook synchronization
2024-12-22 22:46:06,504 - INFO - Processing C:\Users\ncore\Desktop\2024-files\content\GA_1_1\Task_2_solution.ipynb
2024-12-22 22:46:09,341 - INFO - Successfully processed C:\Users\ncore\Desktop\2024-files\content\GA_1_1\Task_2_solution.ipynb
2024-12-22 22:46:09,341 - INFO - Processing C:\Users\ncore\Desktop\2024-files\content\GA_1_2\Analysis.ipynb
2024-12-22 22:46:12,006 - INFO - Successfully processed C:\Users\ncore\Desktop\2024-files\content\GA_1_2\Analysis.ipynb
2024-12-22 22:46:12,006 - INFO - Processing C:\Users\ncore\Desktop\2024-files\content\GA_1_2\Analysis_solution.ipynb
2024-12-22 22:46:14,663 - INFO - Successfully processed C:\Users\ncore\Desktop\2024-files\content\GA_1_2\Analysis_solution.ipynb
2024-12-22 22:46:14,664 - INFO - Processing C:\Users\ncore\Desktop\2024-files\content\GA_1_3\Analysis.ipynb
2024-12-22 22:46:17,315 - INFO - Successfully processed C:\Users\ncore\Desktop\2024-files\content\GA_1_3\Analysis.ipynb
2024-12-22 22:46:17,316 - INFO - Processing C:\Users\ncore\Desktop\2024-files\content\GA_1_3\Analysis_Solution.ipynb
2024-12-22 22:46:19,965 - INFO - Successfully processed C:\Users\ncore\Desktop\2024-files\content\GA_1_3\Analysis_Solution.ipynb
2024-12-22 22:46:19,965 - INFO - Processing C:\Users\ncore\Desktop\2024-files\content\GA_1_3\Warmup.ipynb
2024-12-22 22:46:19,966 - INFO - No changes detected for C:\Users\ncore\Desktop\2024-files\content\GA_1_3\Warmup.ipynb
2024-12-22 22:46:19,967 - INFO - Successfully processed C:\Users\ncore\Desktop\2024-files\content\GA_1_3\Warmup.ipynb
2024-12-22 22:46:19,967 - INFO - Processing C:\Users\ncore\Desktop\2024-files\content\GA_1_4\Analysis.ipynb
2024-12-22 22:46:19,968 - INFO - No changes detected for C:\Users\ncore\Desktop\2024-files\content\GA_1_4\Analysis.ipynb
2024-12-22 22:46:19,968 - INFO - Successfully processed C:\Users\ncore\Desktop\2024-files\content\GA_1_4\Analysis.ipynb
2024-12-22 22:46:19,968 - INFO - Processing C:\Users\ncore\Desktop\2024-files\content\GA_1_4\Analysis_solution.ipynb
2024-12-22 22:46:19,972 - INFO - No changes detected for C:\Users\ncore\Desktop\2024-files\content\GA_1_4\Analysis_solution.ipynb
2024-12-22 22:46:19,972 - INFO - Successfully processed C:\Users\ncore\Desktop\2024-files\content\GA_1_4\Analysis_solution.ipynb
2024-12-22 22:46:19,973 - INFO - Processing C:\Users\ncore\Desktop\2024-files\content\GA_1_5\Analysis.ipynb
2024-12-22 22:46:19,974 - INFO - No changes detected for C:\Users\ncore\Desktop\2024-files\content\GA_1_5\Analysis.ipynb
2024-12-22 22:46:19,975 - INFO - Successfully processed C:\Users\ncore\Desktop\2024-files\content\GA_1_5\Analysis.ipynb
2024-12-22 22:46:19,975 - INFO - Processing C:\Users\ncore\Desktop\2024-files\content\GA_1_5\Analysis_solution.ipynb
2024-12-22 22:46:19,981 - INFO - No changes detected for C:\Users\ncore\Desktop\2024-files\content\GA_1_5\Analysis_solution.ipynb
2024-12-22 22:46:19,982 - INFO - Successfully processed C:\Users\ncore\Desktop\2024-files\content\GA_1_5\Analysis_solution.ipynb
2024-12-22 22:46:19,982 - INFO - Processing C:\Users\ncore\Desktop\2024-files\content\GA_1_5\central_diff_illustration.ipynb
2024-12-22 22:46:19,985 - INFO - No changes detected for C:\Users\ncore\Desktop\2024-files\content\GA_1_5\central_diff_illustration.ipynb
2024-12-22 22:46:19,985 - INFO - Successfully processed C:\Users\ncore\Desktop\2024-files\content\GA_1_5\central_diff_illustration.ipynb
2024-12-22 22:46:19,986 - INFO - Processing C:\Users\ncore\Desktop\2024-files\content\GA_1_6\Analysis.ipynb
2024-12-22 22:46:19,990 - INFO - No changes detected for C:\Users\ncore\Desktop\2024-files\content\GA_1_6\Analysis.ipynb
2024-12-22 22:46:19,991 - INFO - Successfully processed C:\Users\ncore\Desktop\2024-files\content\GA_1_6\Analysis.ipynb
2024-12-22 22:46:19,991 - INFO - Processing C:\Users\ncore\Desktop\2024-files\content\GA_1_6\Analysis_solution.ipynb
2024-12-22 22:46:19,996 - INFO - No changes detected for C:\Users\ncore\Desktop\2024-files\content\GA_1_6\Analysis_solution.ipynb
2024-12-22 22:46:19,996 - INFO - Successfully processed C:\Users\ncore\Desktop\2024-files\content\GA_1_6\Analysis_solution.ipynb
2024-12-22 22:46:19,997 - INFO - Processing C:\Users\ncore\Desktop\2024-files\content\GA_1_7\Solution\Discharge\Analysis_discharge_solution.ipynb
2024-12-22 22:46:20,001 - INFO - No changes detected for C:\Users\ncore\Desktop\2024-files\content\GA_1_7\Solution\Discharge\Analysis_discharge_solution.ipynb
2024-12-22 22:46:20,002 - INFO - Successfully processed C:\Users\ncore\Desktop\2024-files\content\GA_1_7\Solution\Discharge\Analysis_discharge_solution.ipynb
2024-12-22 22:46:20,003 - INFO - Processing C:\Users\ncore\Desktop\2024-files\content\GA_1_7\Solution\Emissions\Analysis_emissions_solution.ipynb
2024-12-22 22:46:20,008 - INFO - No changes detected for C:\Users\ncore\Desktop\2024-files\content\GA_1_7\Solution\Emissions\Analysis_emissions_solution.ipynb
2024-12-22 22:46:20,008 - INFO - Successfully processed C:\Users\ncore\Desktop\2024-files\content\GA_1_7\Solution\Emissions\Analysis_emissions_solution.ipynb
2024-12-22 22:46:20,009 - INFO - Processing C:\Users\ncore\Desktop\2024-files\content\GA_1_7\Solution\Force\Analysis_force_solution.ipynb
2024-12-22 22:46:20,013 - INFO - No changes detected for C:\Users\ncore\Desktop\2024-files\content\GA_1_7\Solution\Force\Analysis_force_solution.ipynb
2024-12-22 22:46:20,013 - INFO - Successfully processed C:\Users\ncore\Desktop\2024-files\content\GA_1_7\Solution\Force\Analysis_force_solution.ipynb
2024-12-22 22:46:20,014 - INFO - Processing C:\Users\ncore\Desktop\2024-files\content\GA_1_7\Student\Discharge\Analysis_discharge.ipynb
2024-12-22 22:46:20,015 - INFO - No changes detected for C:\Users\ncore\Desktop\2024-files\content\GA_1_7\Student\Discharge\Analysis_discharge.ipynb
2024-12-22 22:46:20,016 - INFO - Successfully processed C:\Users\ncore\Desktop\2024-files\content\GA_1_7\Student\Discharge\Analysis_discharge.ipynb
2024-12-22 22:46:20,016 - INFO - Processing C:\Users\ncore\Desktop\2024-files\content\GA_1_7\Student\Emissions\Analysis_emissions.ipynb
2024-12-22 22:46:20,017 - INFO - No changes detected for C:\Users\ncore\Desktop\2024-files\content\GA_1_7\Student\Emissions\Analysis_emissions.ipynb
2024-12-22 22:46:20,018 - INFO - Successfully processed C:\Users\ncore\Desktop\2024-files\content\GA_1_7\Student\Emissions\Analysis_emissions.ipynb
2024-12-22 22:46:20,018 - INFO - Processing C:\Users\ncore\Desktop\2024-files\content\GA_1_7\Student\Force\Analysis_force.ipynb
2024-12-22 22:46:20,019 - INFO - No changes detected for C:\Users\ncore\Desktop\2024-files\content\GA_1_7\Student\Force\Analysis_force.ipynb
2024-12-22 22:46:20,020 - INFO - Successfully processed C:\Users\ncore\Desktop\2024-files\content\GA_1_7\Student\Force\Analysis_force.ipynb
2024-12-22 22:46:20,020 - INFO - Processing C:\Users\ncore\Desktop\2024-files\content\GA_1_7\Unused\Temp\Distribution_Fitting_T.ipynb
2024-12-22 22:46:20,024 - INFO - No changes detected for C:\Users\ncore\Desktop\2024-files\content\GA_1_7\Unused\Temp\Distribution_Fitting_T.ipynb
2024-12-22 22:46:20,024 - INFO - Successfully processed C:\Users\ncore\Desktop\2024-files\content\GA_1_7\Unused\Temp\Distribution_Fitting_T.ipynb
2024-12-22 22:46:20,024 - INFO - Processing C:\Users\ncore\Desktop\2024-files\content\GA_1_8\Analysis.ipynb
2024-12-22 22:46:20,026 - INFO - No changes detected for C:\Users\ncore\Desktop\2024-files\content\GA_1_8\Analysis.ipynb
2024-12-22 22:46:20,026 - INFO - Successfully processed C:\Users\ncore\Desktop\2024-files\content\GA_1_8\Analysis.ipynb
2024-12-22 22:46:20,027 - INFO - Processing C:\Users\ncore\Desktop\2024-files\content\GA_1_8\solution\GA_1_8_solution_HT.ipynb
2024-12-22 22:46:20,029 - INFO - No changes detected for C:\Users\ncore\Desktop\2024-files\content\GA_1_8\solution\GA_1_8_solution_HT.ipynb
2024-12-22 22:46:20,029 - INFO - Successfully processed C:\Users\ncore\Desktop\2024-files\content\GA_1_8\solution\GA_1_8_solution_HT.ipynb
2024-12-22 22:46:20,030 - INFO - Processing C:\Users\ncore\Desktop\2024-files\content\GA_1_8\solution\GA_1_8_solution_hu.ipynb
2024-12-22 22:46:20,033 - INFO - No changes detected for C:\Users\ncore\Desktop\2024-files\content\GA_1_8\solution\GA_1_8_solution_hu.ipynb
2024-12-22 22:46:20,033 - INFO - Successfully processed C:\Users\ncore\Desktop\2024-files\content\GA_1_8\solution\GA_1_8_solution_hu.ipynb
2024-12-22 22:46:20,033 - INFO - Processing C:\Users\ncore\Desktop\2024-files\content\GA_1_8\solution\GA_1_8_solution_traffic.ipynb
2024-12-22 22:46:20,037 - INFO - No changes detected for C:\Users\ncore\Desktop\2024-files\content\GA_1_8\solution\GA_1_8_solution_traffic.ipynb
2024-12-22 22:46:20,038 - INFO - Successfully processed C:\Users\ncore\Desktop\2024-files\content\GA_1_8\solution\GA_1_8_solution_traffic.ipynb
2024-12-22 22:46:20,038 - INFO - Processing C:\Users\ncore\Desktop\2024-files\content\GA_2_1\Analysis.ipynb
2024-12-22 22:46:20,044 - INFO - No changes detected for C:\Users\ncore\Desktop\2024-files\content\GA_2_1\Analysis.ipynb
2024-12-22 22:46:20,044 - INFO - Successfully processed C:\Users\ncore\Desktop\2024-files\content\GA_2_1\Analysis.ipynb
2024-12-22 22:46:20,044 - INFO - Processing C:\Users\ncore\Desktop\2024-files\content\GA_2_1\Analysis_solution.ipynb
2024-12-22 22:46:20,053 - INFO - No changes detected for C:\Users\ncore\Desktop\2024-files\content\GA_2_1\Analysis_solution.ipynb
2024-12-22 22:46:20,054 - INFO - Successfully processed C:\Users\ncore\Desktop\2024-files\content\GA_2_1\Analysis_solution.ipynb
2024-12-22 22:46:20,054 - INFO - Processing C:\Users\ncore\Desktop\2024-files\content\GA_2_1\mesh_dev.ipynb
2024-12-22 22:46:20,059 - INFO - No changes detected for C:\Users\ncore\Desktop\2024-files\content\GA_2_1\mesh_dev.ipynb
2024-12-22 22:46:20,059 - INFO - Successfully processed C:\Users\ncore\Desktop\2024-files\content\GA_2_1\mesh_dev.ipynb
2024-12-22 22:46:20,059 - INFO - Processing C:\Users\ncore\Desktop\2024-files\content\GA_2_1\mesh_tips.ipynb
2024-12-22 22:46:20,065 - INFO - No changes detected for C:\Users\ncore\Desktop\2024-files\content\GA_2_1\mesh_tips.ipynb
2024-12-22 22:46:20,065 - INFO - Successfully processed C:\Users\ncore\Desktop\2024-files\content\GA_2_1\mesh_tips.ipynb
2024-12-22 22:46:20,065 - INFO - Processing C:\Users\ncore\Desktop\2024-files\content\GA_2_1\mesh\mesh.ipynb
2024-12-22 22:46:20,068 - INFO - No changes detected for C:\Users\ncore\Desktop\2024-files\content\GA_2_1\mesh\mesh.ipynb
2024-12-22 22:46:20,068 - INFO - Successfully processed C:\Users\ncore\Desktop\2024-files\content\GA_2_1\mesh\mesh.ipynb
2024-12-22 22:46:20,068 - INFO - Processing C:\Users\ncore\Desktop\2024-files\content\GA_2_2\the_big_M.ipynb
2024-12-22 22:46:20,070 - INFO - No changes detected for C:\Users\ncore\Desktop\2024-files\content\GA_2_2\the_big_M.ipynb
2024-12-22 22:46:20,070 - INFO - Successfully processed C:\Users\ncore\Desktop\2024-files\content\GA_2_2\the_big_M.ipynb
2024-12-22 22:46:20,070 - INFO - Processing C:\Users\ncore\Desktop\2024-files\content\GA_2_3\Analysis.ipynb
2024-12-22 22:46:20,072 - INFO - No changes detected for C:\Users\ncore\Desktop\2024-files\content\GA_2_3\Analysis.ipynb
2024-12-22 22:46:20,072 - INFO - Successfully processed C:\Users\ncore\Desktop\2024-files\content\GA_2_3\Analysis.ipynb
2024-12-22 22:46:20,072 - INFO - Processing C:\Users\ncore\Desktop\2024-files\content\GA_2_3\Analysis_solution.ipynb
2024-12-22 22:46:20,078 - INFO - No changes detected for C:\Users\ncore\Desktop\2024-files\content\GA_2_3\Analysis_solution.ipynb
2024-12-22 22:46:20,078 - INFO - Successfully processed C:\Users\ncore\Desktop\2024-files\content\GA_2_3\Analysis_solution.ipynb
2024-12-22 22:46:20,078 - INFO - Processing C:\Users\ncore\Desktop\2024-files\content\GA_2_4\GA_2_4_Beary_Icy.ipynb
2024-12-22 22:46:20,080 - INFO - No changes detected for C:\Users\ncore\Desktop\2024-files\content\GA_2_4\GA_2_4_Beary_Icy.ipynb
2024-12-22 22:46:20,080 - INFO - Successfully processed C:\Users\ncore\Desktop\2024-files\content\GA_2_4\GA_2_4_Beary_Icy.ipynb
2024-12-22 22:46:20,080 - INFO - Processing C:\Users\ncore\Desktop\2024-files\content\GA_2_4\GA_2_4_solution.ipynb
2024-12-22 22:46:20,087 - INFO - No changes detected for C:\Users\ncore\Desktop\2024-files\content\GA_2_4\GA_2_4_solution.ipynb
2024-12-22 22:46:20,088 - INFO - Successfully processed C:\Users\ncore\Desktop\2024-files\content\GA_2_4\GA_2_4_solution.ipynb
2024-12-22 22:46:20,088 - INFO - Processing C:\Users\ncore\Desktop\2024-files\content\GA_2_5\Analysis_GA.ipynb
2024-12-22 22:46:20,090 - INFO - No changes detected for C:\Users\ncore\Desktop\2024-files\content\GA_2_5\Analysis_GA.ipynb
2024-12-22 22:46:20,091 - INFO - Successfully processed C:\Users\ncore\Desktop\2024-files\content\GA_2_5\Analysis_GA.ipynb
2024-12-22 22:46:20,091 - INFO - Processing C:\Users\ncore\Desktop\2024-files\content\GA_2_5\Analysis_GA_solution.ipynb
2024-12-22 22:46:20,092 - INFO - No changes detected for C:\Users\ncore\Desktop\2024-files\content\GA_2_5\Analysis_GA_solution.ipynb
2024-12-22 22:46:20,093 - INFO - Successfully processed C:\Users\ncore\Desktop\2024-files\content\GA_2_5\Analysis_GA_solution.ipynb
2024-12-22 22:46:20,093 - INFO - Processing C:\Users\ncore\Desktop\2024-files\content\GA_2_5\Analysis_LP.ipynb
2024-12-22 22:46:20,094 - INFO - No changes detected for C:\Users\ncore\Desktop\2024-files\content\GA_2_5\Analysis_LP.ipynb
2024-12-22 22:46:20,094 - INFO - Successfully processed C:\Users\ncore\Desktop\2024-files\content\GA_2_5\Analysis_LP.ipynb
2024-12-22 22:46:20,094 - INFO - Processing C:\Users\ncore\Desktop\2024-files\content\GA_2_5\Analysis_LP_solution.ipynb
2024-12-22 22:46:20,108 - INFO - No changes detected for C:\Users\ncore\Desktop\2024-files\content\GA_2_5\Analysis_LP_solution.ipynb
2024-12-22 22:46:20,109 - INFO - Successfully processed C:\Users\ncore\Desktop\2024-files\content\GA_2_5\Analysis_LP_solution.ipynb
2024-12-22 22:46:20,109 - INFO - Processing C:\Users\ncore\Desktop\2024-files\content\GA_2_6\Analysis.ipynb
2024-12-22 22:46:20,110 - INFO - No changes detected for C:\Users\ncore\Desktop\2024-files\content\GA_2_6\Analysis.ipynb
2024-12-22 22:46:20,111 - INFO - Successfully processed C:\Users\ncore\Desktop\2024-files\content\GA_2_6\Analysis.ipynb
2024-12-22 22:46:20,111 - INFO - Processing C:\Users\ncore\Desktop\2024-files\content\GA_2_6\Analysis_solution.ipynb
2024-12-22 22:46:20,120 - INFO - No changes detected for C:\Users\ncore\Desktop\2024-files\content\GA_2_6\Analysis_solution.ipynb
2024-12-22 22:46:20,120 - INFO - Successfully processed C:\Users\ncore\Desktop\2024-files\content\GA_2_6\Analysis_solution.ipynb
2024-12-22 22:46:20,121 - INFO - Processing C:\Users\ncore\Desktop\2024-files\content\GA_2_7\rain_solution.ipynb
2024-12-22 22:46:20,124 - INFO - No changes detected for C:\Users\ncore\Desktop\2024-files\content\GA_2_7\rain_solution.ipynb
2024-12-22 22:46:20,124 - INFO - Successfully processed C:\Users\ncore\Desktop\2024-files\content\GA_2_7\rain_solution.ipynb
2024-12-22 22:46:20,125 - INFO - Processing C:\Users\ncore\Desktop\2024-files\content\tutorials\Week_1_3\Analysis.ipynb
2024-12-22 22:46:20,126 - INFO - No changes detected for C:\Users\ncore\Desktop\2024-files\content\tutorials\Week_1_3\Analysis.ipynb
2024-12-22 22:46:20,127 - INFO - Successfully processed C:\Users\ncore\Desktop\2024-files\content\tutorials\Week_1_3\Analysis.ipynb
2024-12-22 22:46:20,127 - INFO - Processing C:\Users\ncore\Desktop\2024-files\content\tutorials\Week_1_5\Tutorial.ipynb
2024-12-22 22:46:20,128 - INFO - No changes detected for C:\Users\ncore\Desktop\2024-files\content\tutorials\Week_1_5\Tutorial.ipynb
2024-12-22 22:46:20,128 - INFO - Successfully processed C:\Users\ncore\Desktop\2024-files\content\tutorials\Week_1_5\Tutorial.ipynb
2024-12-22 22:46:20,128 - INFO - Processing C:\Users\ncore\Desktop\2024-files\content\tutorials\Week_1_6\Tutorial.ipynb
2024-12-22 22:46:20,129 - INFO - No changes detected for C:\Users\ncore\Desktop\2024-files\content\tutorials\Week_1_6\Tutorial.ipynb
2024-12-22 22:46:20,129 - INFO - Successfully processed C:\Users\ncore\Desktop\2024-files\content\tutorials\Week_1_6\Tutorial.ipynb
2024-12-22 22:46:20,130 - INFO - Processing C:\Users\ncore\Desktop\2024-files\content\week_1_1\PA_1_1_Catch_Them_All.ipynb
2024-12-22 22:46:20,131 - INFO - No changes detected for C:\Users\ncore\Desktop\2024-files\content\week_1_1\PA_1_1_Catch_Them_All.ipynb
2024-12-22 22:46:20,131 - INFO - Successfully processed C:\Users\ncore\Desktop\2024-files\content\week_1_1\PA_1_1_Catch_Them_All.ipynb
2024-12-22 22:46:20,131 - INFO - Processing C:\Users\ncore\Desktop\2024-files\content\Week_1_2\In_Class_Activity.ipynb
2024-12-22 22:46:20,134 - INFO - No changes detected for C:\Users\ncore\Desktop\2024-files\content\Week_1_2\In_Class_Activity.ipynb
2024-12-22 22:46:20,134 - INFO - Successfully processed C:\Users\ncore\Desktop\2024-files\content\Week_1_2\In_Class_Activity.ipynb
2024-12-22 22:46:20,134 - INFO - Processing C:\Users\ncore\Desktop\2024-files\content\Week_1_2\In_Class_Activity_Solution.ipynb
2024-12-22 22:46:20,136 - INFO - No changes detected for C:\Users\ncore\Desktop\2024-files\content\Week_1_2\In_Class_Activity_Solution.ipynb
2024-12-22 22:46:20,137 - INFO - Successfully processed C:\Users\ncore\Desktop\2024-files\content\Week_1_2\In_Class_Activity_Solution.ipynb
2024-12-22 22:46:20,137 - INFO - Processing C:\Users\ncore\Desktop\2024-files\content\Week_1_2\PA_1_2_Random_Adventure.ipynb
2024-12-22 22:46:20,138 - INFO - No changes detected for C:\Users\ncore\Desktop\2024-files\content\Week_1_2\PA_1_2_Random_Adventure.ipynb
2024-12-22 22:46:20,139 - INFO - Successfully processed C:\Users\ncore\Desktop\2024-files\content\Week_1_2\PA_1_2_Random_Adventure.ipynb
2024-12-22 22:46:20,139 - INFO - Processing C:\Users\ncore\Desktop\2024-files\content\Week_1_2\PA_1_2_solution.ipynb
2024-12-22 22:46:20,141 - INFO - No changes detected for C:\Users\ncore\Desktop\2024-files\content\Week_1_2\PA_1_2_solution.ipynb
2024-12-22 22:46:20,142 - INFO - Successfully processed C:\Users\ncore\Desktop\2024-files\content\Week_1_2\PA_1_2_solution.ipynb
2024-12-22 22:46:20,142 - INFO - Processing C:\Users\ncore\Desktop\2024-files\content\Week_1_2\WS_1_2_Pipe_Dreams.ipynb
2024-12-22 22:46:20,144 - INFO - No changes detected for C:\Users\ncore\Desktop\2024-files\content\Week_1_2\WS_1_2_Pipe_Dreams.ipynb
2024-12-22 22:46:20,144 - INFO - Successfully processed C:\Users\ncore\Desktop\2024-files\content\Week_1_2\WS_1_2_Pipe_Dreams.ipynb
2024-12-22 22:46:20,144 - INFO - Processing C:\Users\ncore\Desktop\2024-files\content\Week_1_2\WS_1_2_solution.ipynb
2024-12-22 22:46:20,147 - INFO - No changes detected for C:\Users\ncore\Desktop\2024-files\content\Week_1_2\WS_1_2_solution.ipynb
2024-12-22 22:46:20,147 - INFO - Successfully processed C:\Users\ncore\Desktop\2024-files\content\Week_1_2\WS_1_2_solution.ipynb
2024-12-22 22:46:20,148 - INFO - Processing C:\Users\ncore\Desktop\2024-files\content\week_1_3\PA_1_3_Data_Cleaning_and_Boosting_Productivity.ipynb
2024-12-22 22:46:20,149 - INFO - No changes detected for C:\Users\ncore\Desktop\2024-files\content\week_1_3\PA_1_3_Data_Cleaning_and_Boosting_Productivity.ipynb
2024-12-22 22:46:20,150 - INFO - Successfully processed C:\Users\ncore\Desktop\2024-files\content\week_1_3\PA_1_3_Data_Cleaning_and_Boosting_Productivity.ipynb
2024-12-22 22:46:20,150 - INFO - Processing C:\Users\ncore\Desktop\2024-files\content\week_1_3\PA_1_3_solution.ipynb
2024-12-22 22:46:20,152 - INFO - No changes detected for C:\Users\ncore\Desktop\2024-files\content\week_1_3\PA_1_3_solution.ipynb
2024-12-22 22:46:20,153 - INFO - Successfully processed C:\Users\ncore\Desktop\2024-files\content\week_1_3\PA_1_3_solution.ipynb
2024-12-22 22:46:20,153 - INFO - Processing C:\Users\ncore\Desktop\2024-files\content\week_1_3\WS_1_3_Moving_Ice.ipynb
2024-12-22 22:46:20,154 - INFO - No changes detected for C:\Users\ncore\Desktop\2024-files\content\week_1_3\WS_1_3_Moving_Ice.ipynb
2024-12-22 22:46:20,155 - INFO - Successfully processed C:\Users\ncore\Desktop\2024-files\content\week_1_3\WS_1_3_Moving_Ice.ipynb
2024-12-22 22:46:20,155 - INFO - Processing C:\Users\ncore\Desktop\2024-files\content\week_1_3\WS_1_3_solution.ipynb
2024-12-22 22:46:20,165 - INFO - No changes detected for C:\Users\ncore\Desktop\2024-files\content\week_1_3\WS_1_3_solution.ipynb
2024-12-22 22:46:20,166 - INFO - Successfully processed C:\Users\ncore\Desktop\2024-files\content\week_1_3\WS_1_3_solution.ipynb
2024-12-22 22:46:20,167 - INFO - Processing C:\Users\ncore\Desktop\2024-files\content\Week_1_4\WS_1_4_Nonlinear_Rain.ipynb
2024-12-22 22:46:20,169 - INFO - No changes detected for C:\Users\ncore\Desktop\2024-files\content\Week_1_4\WS_1_4_Nonlinear_Rain.ipynb
2024-12-22 22:46:20,170 - INFO - Successfully processed C:\Users\ncore\Desktop\2024-files\content\Week_1_4\WS_1_4_Nonlinear_Rain.ipynb
2024-12-22 22:46:20,170 - INFO - Processing C:\Users\ncore\Desktop\2024-files\content\Week_1_4\WS_1_4_solution.ipynb
2024-12-22 22:46:20,173 - INFO - No changes detected for C:\Users\ncore\Desktop\2024-files\content\Week_1_4\WS_1_4_solution.ipynb
2024-12-22 22:46:20,174 - INFO - Successfully processed C:\Users\ncore\Desktop\2024-files\content\Week_1_4\WS_1_4_solution.ipynb
2024-12-22 22:46:20,174 - INFO - Processing C:\Users\ncore\Desktop\2024-files\content\week_1_5\WS_1_5_dont_integr_hate.ipynb
2024-12-22 22:46:20,176 - INFO - No changes detected for C:\Users\ncore\Desktop\2024-files\content\week_1_5\WS_1_5_dont_integr_hate.ipynb
2024-12-22 22:46:20,176 - INFO - Successfully processed C:\Users\ncore\Desktop\2024-files\content\week_1_5\WS_1_5_dont_integr_hate.ipynb
2024-12-22 22:46:20,177 - INFO - Processing C:\Users\ncore\Desktop\2024-files\content\week_1_5\WS_1_5_solution.ipynb
2024-12-22 22:46:20,180 - INFO - No changes detected for C:\Users\ncore\Desktop\2024-files\content\week_1_5\WS_1_5_solution.ipynb
2024-12-22 22:46:20,182 - INFO - Successfully processed C:\Users\ncore\Desktop\2024-files\content\week_1_5\WS_1_5_solution.ipynb
2024-12-22 22:46:20,182 - INFO - Processing C:\Users\ncore\Desktop\2024-files\content\week_1_5\PA\PA_1_5_solution.ipynb
2024-12-22 22:46:20,184 - INFO - No changes detected for C:\Users\ncore\Desktop\2024-files\content\week_1_5\PA\PA_1_5_solution.ipynb
2024-12-22 22:46:20,184 - INFO - Successfully processed C:\Users\ncore\Desktop\2024-files\content\week_1_5\PA\PA_1_5_solution.ipynb
2024-12-22 22:46:20,185 - INFO - Processing C:\Users\ncore\Desktop\2024-files\content\week_1_5\PA\PA_1_5_useful_tricks.ipynb
2024-12-22 22:46:20,186 - INFO - No changes detected for C:\Users\ncore\Desktop\2024-files\content\week_1_5\PA\PA_1_5_useful_tricks.ipynb
2024-12-22 22:46:20,186 - INFO - Successfully processed C:\Users\ncore\Desktop\2024-files\content\week_1_5\PA\PA_1_5_useful_tricks.ipynb
2024-12-22 22:46:20,187 - INFO - Processing C:\Users\ncore\Desktop\2024-files\content\week_1_5\PA_ice\PA_plots.ipynb
2024-12-22 22:46:20,189 - INFO - No changes detected for C:\Users\ncore\Desktop\2024-files\content\week_1_5\PA_ice\PA_plots.ipynb
2024-12-22 22:46:20,189 - INFO - Successfully processed C:\Users\ncore\Desktop\2024-files\content\week_1_5\PA_ice\PA_plots.ipynb
2024-12-22 22:46:20,189 - INFO - Processing C:\Users\ncore\Desktop\2024-files\content\Week_1_6\WS_1_6_solution.ipynb
2024-12-22 22:46:20,191 - INFO - No changes detected for C:\Users\ncore\Desktop\2024-files\content\Week_1_6\WS_1_6_solution.ipynb
2024-12-22 22:46:20,192 - INFO - Successfully processed C:\Users\ncore\Desktop\2024-files\content\Week_1_6\WS_1_6_solution.ipynb
2024-12-22 22:46:20,192 - INFO - Processing C:\Users\ncore\Desktop\2024-files\content\Week_1_6\WS_1_6_time_to_c_ode.ipynb
2024-12-22 22:46:20,193 - INFO - No changes detected for C:\Users\ncore\Desktop\2024-files\content\Week_1_6\WS_1_6_time_to_c_ode.ipynb
2024-12-22 22:46:20,193 - INFO - Successfully processed C:\Users\ncore\Desktop\2024-files\content\Week_1_6\WS_1_6_time_to_c_ode.ipynb
2024-12-22 22:46:20,194 - INFO - Processing C:\Users\ncore\Desktop\2024-files\content\Week_1_6\PA\PA_1_6_Boxes_and_Bugs.ipynb
2024-12-22 22:46:20,195 - INFO - No changes detected for C:\Users\ncore\Desktop\2024-files\content\Week_1_6\PA\PA_1_6_Boxes_and_Bugs.ipynb
2024-12-22 22:46:20,195 - INFO - Successfully processed C:\Users\ncore\Desktop\2024-files\content\Week_1_6\PA\PA_1_6_Boxes_and_Bugs.ipynb
2024-12-22 22:46:20,196 - INFO - Processing C:\Users\ncore\Desktop\2024-files\content\Week_1_6\PA\PA_1_6_solution.ipynb
2024-12-22 22:46:20,197 - INFO - No changes detected for C:\Users\ncore\Desktop\2024-files\content\Week_1_6\PA\PA_1_6_solution.ipynb
2024-12-22 22:46:20,198 - INFO - Successfully processed C:\Users\ncore\Desktop\2024-files\content\Week_1_6\PA\PA_1_6_solution.ipynb
2024-12-22 22:46:20,198 - INFO - Processing C:\Users\ncore\Desktop\2024-files\content\Week_1_7\scipy_stats.ipynb
2024-12-22 22:46:20,199 - INFO - No changes detected for C:\Users\ncore\Desktop\2024-files\content\Week_1_7\scipy_stats.ipynb
2024-12-22 22:46:20,199 - INFO - Successfully processed C:\Users\ncore\Desktop\2024-files\content\Week_1_7\scipy_stats.ipynb
2024-12-22 22:46:20,199 - INFO - Processing C:\Users\ncore\Desktop\2024-files\content\Week_1_7\WS_1_7_lets_be_concrete.ipynb
2024-12-22 22:46:20,201 - INFO - No changes detected for C:\Users\ncore\Desktop\2024-files\content\Week_1_7\WS_1_7_lets_be_concrete.ipynb
2024-12-22 22:46:20,201 - INFO - Successfully processed C:\Users\ncore\Desktop\2024-files\content\Week_1_7\WS_1_7_lets_be_concrete.ipynb
2024-12-22 22:46:20,201 - INFO - Processing C:\Users\ncore\Desktop\2024-files\content\Week_1_7\WS_1_7_solution.ipynb
2024-12-22 22:46:20,203 - INFO - No changes detected for C:\Users\ncore\Desktop\2024-files\content\Week_1_7\WS_1_7_solution.ipynb
2024-12-22 22:46:20,203 - INFO - Successfully processed C:\Users\ncore\Desktop\2024-files\content\Week_1_7\WS_1_7_solution.ipynb
2024-12-22 22:46:20,204 - INFO - Processing C:\Users\ncore\Desktop\2024-files\content\Week_1_7\PA\PA_1_7_Classy_Distributions.ipynb
2024-12-22 22:46:20,205 - INFO - No changes detected for C:\Users\ncore\Desktop\2024-files\content\Week_1_7\PA\PA_1_7_Classy_Distributions.ipynb
2024-12-22 22:46:20,205 - INFO - Successfully processed C:\Users\ncore\Desktop\2024-files\content\Week_1_7\PA\PA_1_7_Classy_Distributions.ipynb
2024-12-22 22:46:20,205 - INFO - Processing C:\Users\ncore\Desktop\2024-files\content\Week_1_7\PA\PA_1_7_solution.ipynb
2024-12-22 22:46:20,207 - INFO - No changes detected for C:\Users\ncore\Desktop\2024-files\content\Week_1_7\PA\PA_1_7_solution.ipynb
2024-12-22 22:46:20,207 - INFO - Successfully processed C:\Users\ncore\Desktop\2024-files\content\Week_1_7\PA\PA_1_7_solution.ipynb
2024-12-22 22:46:20,208 - INFO - Processing C:\Users\ncore\Desktop\2024-files\content\Week_1_8\data.ipynb
2024-12-22 22:46:20,209 - INFO - No changes detected for C:\Users\ncore\Desktop\2024-files\content\Week_1_8\data.ipynb
2024-12-22 22:46:20,209 - INFO - Successfully processed C:\Users\ncore\Desktop\2024-files\content\Week_1_8\data.ipynb
2024-12-22 22:46:20,210 - INFO - Processing C:\Users\ncore\Desktop\2024-files\content\Week_1_8\intersection.ipynb
2024-12-22 22:46:20,211 - INFO - No changes detected for C:\Users\ncore\Desktop\2024-files\content\Week_1_8\intersection.ipynb
2024-12-22 22:46:20,211 - INFO - Successfully processed C:\Users\ncore\Desktop\2024-files\content\Week_1_8\intersection.ipynb
2024-12-22 22:46:20,212 - INFO - Processing C:\Users\ncore\Desktop\2024-files\content\Week_1_8\test_bivariate.ipynb
2024-12-22 22:46:20,217 - INFO - No changes detected for C:\Users\ncore\Desktop\2024-files\content\Week_1_8\test_bivariate.ipynb
2024-12-22 22:46:20,217 - INFO - Successfully processed C:\Users\ncore\Desktop\2024-files\content\Week_1_8\test_bivariate.ipynb
2024-12-22 22:46:20,217 - INFO - Processing C:\Users\ncore\Desktop\2024-files\content\Week_1_8\PA\PA_1_8_Equations_Done_Symply.ipynb
2024-12-22 22:46:20,219 - INFO - No changes detected for C:\Users\ncore\Desktop\2024-files\content\Week_1_8\PA\PA_1_8_Equations_Done_Symply.ipynb
2024-12-22 22:46:20,219 - INFO - Successfully processed C:\Users\ncore\Desktop\2024-files\content\Week_1_8\PA\PA_1_8_Equations_Done_Symply.ipynb
2024-12-22 22:46:20,220 - INFO - Processing C:\Users\ncore\Desktop\2024-files\content\Week_1_8\PA\PA_1_8_solution.ipynb
2024-12-22 22:46:20,221 - INFO - No changes detected for C:\Users\ncore\Desktop\2024-files\content\Week_1_8\PA\PA_1_8_solution.ipynb
2024-12-22 22:46:20,221 - INFO - Successfully processed C:\Users\ncore\Desktop\2024-files\content\Week_1_8\PA\PA_1_8_solution.ipynb
2024-12-22 22:46:20,221 - INFO - Processing C:\Users\ncore\Desktop\2024-files\content\Week_1_8\WS\linearity_or_not.ipynb
2024-12-22 22:46:20,225 - INFO - No changes detected for C:\Users\ncore\Desktop\2024-files\content\Week_1_8\WS\linearity_or_not.ipynb
2024-12-22 22:46:20,226 - INFO - Successfully processed C:\Users\ncore\Desktop\2024-files\content\Week_1_8\WS\linearity_or_not.ipynb
2024-12-22 22:46:20,226 - INFO - Processing C:\Users\ncore\Desktop\2024-files\content\Week_1_8\WS\WS_1_8_solution.ipynb
2024-12-22 22:46:20,231 - INFO - No changes detected for C:\Users\ncore\Desktop\2024-files\content\Week_1_8\WS\WS_1_8_solution.ipynb
2024-12-22 22:46:20,231 - INFO - Successfully processed C:\Users\ncore\Desktop\2024-files\content\Week_1_8\WS\WS_1_8_solution.ipynb
2024-12-22 22:46:20,232 - INFO - Processing C:\Users\ncore\Desktop\2024-files\content\Week_1_8\WS\WS_1_8_Thingamajig.ipynb
2024-12-22 22:46:20,233 - INFO - No changes detected for C:\Users\ncore\Desktop\2024-files\content\Week_1_8\WS\WS_1_8_Thingamajig.ipynb
2024-12-22 22:46:20,233 - INFO - Successfully processed C:\Users\ncore\Desktop\2024-files\content\Week_1_8\WS\WS_1_8_Thingamajig.ipynb
2024-12-22 22:46:20,233 - INFO - Processing C:\Users\ncore\Desktop\2024-files\content\Week_2_1\WS_2_1_solution.ipynb
2024-12-22 22:46:20,241 - INFO - No changes detected for C:\Users\ncore\Desktop\2024-files\content\Week_2_1\WS_2_1_solution.ipynb
2024-12-22 22:46:20,241 - INFO - Successfully processed C:\Users\ncore\Desktop\2024-files\content\Week_2_1\WS_2_1_solution.ipynb
2024-12-22 22:46:20,242 - INFO - Processing C:\Users\ncore\Desktop\2024-files\content\Week_2_1\WS_2_1_wiggle.ipynb
2024-12-22 22:46:20,249 - INFO - No changes detected for C:\Users\ncore\Desktop\2024-files\content\Week_2_1\WS_2_1_wiggle.ipynb
2024-12-22 22:46:20,249 - INFO - Successfully processed C:\Users\ncore\Desktop\2024-files\content\Week_2_1\WS_2_1_wiggle.ipynb
2024-12-22 22:46:20,249 - INFO - Processing C:\Users\ncore\Desktop\2024-files\content\Week_2_1\WS_2_1_wiggle_test_ci.ipynb
2024-12-22 22:46:20,257 - INFO - No changes detected for C:\Users\ncore\Desktop\2024-files\content\Week_2_1\WS_2_1_wiggle_test_ci.ipynb
2024-12-22 22:46:20,257 - INFO - Successfully processed C:\Users\ncore\Desktop\2024-files\content\Week_2_1\WS_2_1_wiggle_test_ci.ipynb
2024-12-22 22:46:20,258 - INFO - Processing C:\Users\ncore\Desktop\2024-files\content\Week_2_1\PA\PA_2_1_classy_city.ipynb
2024-12-22 22:46:20,259 - INFO - No changes detected for C:\Users\ncore\Desktop\2024-files\content\Week_2_1\PA\PA_2_1_classy_city.ipynb
2024-12-22 22:46:20,259 - INFO - Successfully processed C:\Users\ncore\Desktop\2024-files\content\Week_2_1\PA\PA_2_1_classy_city.ipynb
2024-12-22 22:46:20,259 - INFO - Processing C:\Users\ncore\Desktop\2024-files\content\Week_2_1\PA\PA_2_1_solution.ipynb
2024-12-22 22:46:20,263 - INFO - No changes detected for C:\Users\ncore\Desktop\2024-files\content\Week_2_1\PA\PA_2_1_solution.ipynb
2024-12-22 22:46:20,264 - INFO - Successfully processed C:\Users\ncore\Desktop\2024-files\content\Week_2_1\PA\PA_2_1_solution.ipynb
2024-12-22 22:46:20,264 - INFO - Processing C:\Users\ncore\Desktop\2024-files\content\Week_2_1\PA\PA_dev.ipynb
2024-12-22 22:46:20,269 - INFO - No changes detected for C:\Users\ncore\Desktop\2024-files\content\Week_2_1\PA\PA_dev.ipynb
2024-12-22 22:46:20,269 - INFO - Successfully processed C:\Users\ncore\Desktop\2024-files\content\Week_2_1\PA\PA_dev.ipynb
2024-12-22 22:46:20,269 - INFO - Processing C:\Users\ncore\Desktop\2024-files\content\Week_2_1\PA\U.ipynb
2024-12-22 22:46:20,272 - INFO - No changes detected for C:\Users\ncore\Desktop\2024-files\content\Week_2_1\PA\U.ipynb
2024-12-22 22:46:20,273 - INFO - Successfully processed C:\Users\ncore\Desktop\2024-files\content\Week_2_1\PA\U.ipynb
2024-12-22 22:46:20,273 - INFO - Processing C:\Users\ncore\Desktop\2024-files\content\Week_2_2\PA_2_2_love_is_sparse.ipynb
2024-12-22 22:46:20,274 - INFO - No changes detected for C:\Users\ncore\Desktop\2024-files\content\Week_2_2\PA_2_2_love_is_sparse.ipynb
2024-12-22 22:46:20,275 - INFO - Successfully processed C:\Users\ncore\Desktop\2024-files\content\Week_2_2\PA_2_2_love_is_sparse.ipynb
2024-12-22 22:46:20,275 - INFO - Processing C:\Users\ncore\Desktop\2024-files\content\Week_2_2\PA_2_2_solution.ipynb
2024-12-22 22:46:20,276 - INFO - No changes detected for C:\Users\ncore\Desktop\2024-files\content\Week_2_2\PA_2_2_solution.ipynb
2024-12-22 22:46:20,276 - INFO - Successfully processed C:\Users\ncore\Desktop\2024-files\content\Week_2_2\PA_2_2_solution.ipynb
2024-12-22 22:46:20,276 - INFO - Processing C:\Users\ncore\Desktop\2024-files\content\Week_2_2\WS_2_2_more_support.ipynb
2024-12-22 22:46:20,278 - INFO - No changes detected for C:\Users\ncore\Desktop\2024-files\content\Week_2_2\WS_2_2_more_support.ipynb
2024-12-22 22:46:20,278 - INFO - Successfully processed C:\Users\ncore\Desktop\2024-files\content\Week_2_2\WS_2_2_more_support.ipynb
2024-12-22 22:46:20,278 - INFO - Processing C:\Users\ncore\Desktop\2024-files\content\Week_2_2\WS_2_2_solution.ipynb
2024-12-22 22:46:20,279 - INFO - No changes detected for C:\Users\ncore\Desktop\2024-files\content\Week_2_2\WS_2_2_solution.ipynb
2024-12-22 22:46:20,279 - INFO - Successfully processed C:\Users\ncore\Desktop\2024-files\content\Week_2_2\WS_2_2_solution.ipynb
2024-12-22 22:46:20,280 - INFO - Processing C:\Users\ncore\Desktop\2024-files\content\Week_2_2\old\old_PA10_Love_is_Sparse.ipynb
2024-12-22 22:46:20,281 - INFO - No changes detected for C:\Users\ncore\Desktop\2024-files\content\Week_2_2\old\old_PA10_Love_is_Sparse.ipynb
2024-12-22 22:46:20,281 - INFO - Successfully processed C:\Users\ncore\Desktop\2024-files\content\Week_2_2\old\old_PA10_Love_is_Sparse.ipynb
2024-12-22 22:46:20,282 - INFO - Processing C:\Users\ncore\Desktop\2024-files\content\Week_2_2\old\old_PA10_solution_sympy.ipynb
2024-12-22 22:46:20,283 - INFO - No changes detected for C:\Users\ncore\Desktop\2024-files\content\Week_2_2\old\old_PA10_solution_sympy.ipynb
2024-12-22 22:46:20,283 - INFO - Successfully processed C:\Users\ncore\Desktop\2024-files\content\Week_2_2\old\old_PA10_solution_sympy.ipynb
2024-12-22 22:46:20,283 - INFO - Processing C:\Users\ncore\Desktop\2024-files\content\Week_2_2\old\PA_2_1_solution.ipynb
2024-12-22 22:46:20,284 - INFO - No changes detected for C:\Users\ncore\Desktop\2024-files\content\Week_2_2\old\PA_2_1_solution.ipynb
2024-12-22 22:46:20,285 - INFO - Successfully processed C:\Users\ncore\Desktop\2024-files\content\Week_2_2\old\PA_2_1_solution.ipynb
2024-12-22 22:46:20,285 - INFO - Processing C:\Users\ncore\Desktop\2024-files\content\Week_2_2\old\PA_2_1_solution_sympy.ipynb
2024-12-22 22:46:20,286 - INFO - No changes detected for C:\Users\ncore\Desktop\2024-files\content\Week_2_2\old\PA_2_1_solution_sympy.ipynb
2024-12-22 22:46:20,286 - INFO - Successfully processed C:\Users\ncore\Desktop\2024-files\content\Week_2_2\old\PA_2_1_solution_sympy.ipynb
2024-12-22 22:46:20,286 - INFO - Processing C:\Users\ncore\Desktop\2024-files\content\Week_2_2\old\WS_2_2_more_support.ipynb
2024-12-22 22:46:20,287 - INFO - No changes detected for C:\Users\ncore\Desktop\2024-files\content\Week_2_2\old\WS_2_2_more_support.ipynb
2024-12-22 22:46:20,288 - INFO - Successfully processed C:\Users\ncore\Desktop\2024-files\content\Week_2_2\old\WS_2_2_more_support.ipynb
2024-12-22 22:46:20,288 - INFO - Processing C:\Users\ncore\Desktop\2024-files\content\Week_2_2\PA\PA_2_2_love_is_sparse.ipynb
2024-12-22 22:46:20,289 - INFO - No changes detected for C:\Users\ncore\Desktop\2024-files\content\Week_2_2\PA\PA_2_2_love_is_sparse.ipynb
2024-12-22 22:46:20,289 - INFO - Successfully processed C:\Users\ncore\Desktop\2024-files\content\Week_2_2\PA\PA_2_2_love_is_sparse.ipynb
2024-12-22 22:46:20,289 - INFO - Processing C:\Users\ncore\Desktop\2024-files\content\Week_2_2\PA\PA_2_2_solution.ipynb
2024-12-22 22:46:20,290 - INFO - No changes detected for C:\Users\ncore\Desktop\2024-files\content\Week_2_2\PA\PA_2_2_solution.ipynb
2024-12-22 22:46:20,290 - INFO - Successfully processed C:\Users\ncore\Desktop\2024-files\content\Week_2_2\PA\PA_2_2_solution.ipynb
2024-12-22 22:46:20,291 - INFO - Processing C:\Users\ncore\Desktop\2024-files\content\Week_2_3\WS_2_3_DFT_you_try_meow.ipynb
2024-12-22 22:46:20,292 - INFO - No changes detected for C:\Users\ncore\Desktop\2024-files\content\Week_2_3\WS_2_3_DFT_you_try_meow.ipynb
2024-12-22 22:46:20,292 - INFO - Successfully processed C:\Users\ncore\Desktop\2024-files\content\Week_2_3\WS_2_3_DFT_you_try_meow.ipynb
2024-12-22 22:46:20,292 - INFO - Processing C:\Users\ncore\Desktop\2024-files\content\Week_2_3\WS_2_3_solution.ipynb
2024-12-22 22:46:20,294 - INFO - No changes detected for C:\Users\ncore\Desktop\2024-files\content\Week_2_3\WS_2_3_solution.ipynb
2024-12-22 22:46:20,294 - INFO - Successfully processed C:\Users\ncore\Desktop\2024-files\content\Week_2_3\WS_2_3_solution.ipynb
2024-12-22 22:46:20,295 - INFO - Processing C:\Users\ncore\Desktop\2024-files\content\Week_2_3\PA\PA_2_3_iter_remoto.ipynb
2024-12-22 22:46:20,296 - INFO - No changes detected for C:\Users\ncore\Desktop\2024-files\content\Week_2_3\PA\PA_2_3_iter_remoto.ipynb
2024-12-22 22:46:20,296 - INFO - Successfully processed C:\Users\ncore\Desktop\2024-files\content\Week_2_3\PA\PA_2_3_iter_remoto.ipynb
2024-12-22 22:46:20,296 - INFO - Processing C:\Users\ncore\Desktop\2024-files\content\Week_2_3\PA\PA_2_3_solution.ipynb
2024-12-22 22:46:20,297 - INFO - No changes detected for C:\Users\ncore\Desktop\2024-files\content\Week_2_3\PA\PA_2_3_solution.ipynb
2024-12-22 22:46:20,298 - INFO - Successfully processed C:\Users\ncore\Desktop\2024-files\content\Week_2_3\PA\PA_2_3_solution.ipynb
2024-12-22 22:46:20,298 - INFO - Processing C:\Users\ncore\Desktop\2024-files\content\Week_2_4\WS_2_4_Feel_the_Pressure.ipynb
2024-12-22 22:46:20,299 - INFO - No changes detected for C:\Users\ncore\Desktop\2024-files\content\Week_2_4\WS_2_4_Feel_the_Pressure.ipynb
2024-12-22 22:46:20,300 - INFO - Successfully processed C:\Users\ncore\Desktop\2024-files\content\Week_2_4\WS_2_4_Feel_the_Pressure.ipynb
2024-12-22 22:46:20,300 - INFO - Processing C:\Users\ncore\Desktop\2024-files\content\Week_2_4\WS_2_4_solution.ipynb
2024-12-22 22:46:20,304 - INFO - No changes detected for C:\Users\ncore\Desktop\2024-files\content\Week_2_4\WS_2_4_solution.ipynb
2024-12-22 22:46:20,305 - INFO - Successfully processed C:\Users\ncore\Desktop\2024-files\content\Week_2_4\WS_2_4_solution.ipynb
2024-12-22 22:46:20,305 - INFO - Processing C:\Users\ncore\Desktop\2024-files\content\Week_2_4\PA\PA_2_4_A_gurobilicious.ipynb
2024-12-22 22:46:20,307 - INFO - No changes detected for C:\Users\ncore\Desktop\2024-files\content\Week_2_4\PA\PA_2_4_A_gurobilicious.ipynb
2024-12-22 22:46:20,307 - INFO - Successfully processed C:\Users\ncore\Desktop\2024-files\content\Week_2_4\PA\PA_2_4_A_gurobilicious.ipynb
2024-12-22 22:46:20,307 - INFO - Processing C:\Users\ncore\Desktop\2024-files\content\Week_2_4\PA\PA_2_4_B_axis_of_awesome.ipynb
2024-12-22 22:46:20,308 - INFO - No changes detected for C:\Users\ncore\Desktop\2024-files\content\Week_2_4\PA\PA_2_4_B_axis_of_awesome.ipynb
2024-12-22 22:46:20,309 - INFO - Successfully processed C:\Users\ncore\Desktop\2024-files\content\Week_2_4\PA\PA_2_4_B_axis_of_awesome.ipynb
2024-12-22 22:46:20,309 - INFO - Processing C:\Users\ncore\Desktop\2024-files\content\Week_2_4\PA\PA_2_4_B_solution.ipynb
2024-12-22 22:46:20,310 - INFO - No changes detected for C:\Users\ncore\Desktop\2024-files\content\Week_2_4\PA\PA_2_4_B_solution.ipynb
2024-12-22 22:46:20,310 - INFO - Successfully processed C:\Users\ncore\Desktop\2024-files\content\Week_2_4\PA\PA_2_4_B_solution.ipynb
2024-12-22 22:46:20,310 - INFO - Processing C:\Users\ncore\Desktop\2024-files\content\Week_2_5\WS_2_5_Profit_vs_Planet.ipynb
2024-12-22 22:46:20,311 - INFO - No changes detected for C:\Users\ncore\Desktop\2024-files\content\Week_2_5\WS_2_5_Profit_vs_Planet.ipynb
2024-12-22 22:46:20,312 - INFO - Successfully processed C:\Users\ncore\Desktop\2024-files\content\Week_2_5\WS_2_5_Profit_vs_Planet.ipynb
2024-12-22 22:46:20,312 - INFO - Processing C:\Users\ncore\Desktop\2024-files\content\Week_2_5\WS_2_5_solution.ipynb
2024-12-22 22:46:20,313 - INFO - No changes detected for C:\Users\ncore\Desktop\2024-files\content\Week_2_5\WS_2_5_solution.ipynb
2024-12-22 22:46:20,313 - INFO - Successfully processed C:\Users\ncore\Desktop\2024-files\content\Week_2_5\WS_2_5_solution.ipynb
2024-12-22 22:46:20,314 - INFO - Processing C:\Users\ncore\Desktop\2024-files\content\Week_2_5\PA\PA_2_5_data_framework.ipynb
2024-12-22 22:46:20,315 - INFO - No changes detected for C:\Users\ncore\Desktop\2024-files\content\Week_2_5\PA\PA_2_5_data_framework.ipynb
2024-12-22 22:46:20,315 - INFO - Successfully processed C:\Users\ncore\Desktop\2024-files\content\Week_2_5\PA\PA_2_5_data_framework.ipynb
2024-12-22 22:46:20,315 - INFO - Processing C:\Users\ncore\Desktop\2024-files\content\Week_2_5\PA\PA_2_5_solution.ipynb
2024-12-22 22:46:20,316 - INFO - No changes detected for C:\Users\ncore\Desktop\2024-files\content\Week_2_5\PA\PA_2_5_solution.ipynb
2024-12-22 22:46:20,316 - INFO - Successfully processed C:\Users\ncore\Desktop\2024-files\content\Week_2_5\PA\PA_2_5_solution.ipynb
2024-12-22 22:46:20,317 - INFO - Processing C:\Users\ncore\Desktop\2024-files\content\Week_2_6\WS_2_6_be_a_NN.ipynb
2024-12-22 22:46:20,318 - INFO - No changes detected for C:\Users\ncore\Desktop\2024-files\content\Week_2_6\WS_2_6_be_a_NN.ipynb
2024-12-22 22:46:20,318 - INFO - Successfully processed C:\Users\ncore\Desktop\2024-files\content\Week_2_6\WS_2_6_be_a_NN.ipynb
2024-12-22 22:46:20,318 - INFO - Processing C:\Users\ncore\Desktop\2024-files\content\Week_2_6\WS_2_6_solution.ipynb
2024-12-22 22:46:20,325 - INFO - No changes detected for C:\Users\ncore\Desktop\2024-files\content\Week_2_6\WS_2_6_solution.ipynb
2024-12-22 22:46:20,326 - INFO - Successfully processed C:\Users\ncore\Desktop\2024-files\content\Week_2_6\WS_2_6_solution.ipynb
2024-12-22 22:46:20,326 - INFO - Processing C:\Users\ncore\Desktop\2024-files\content\Week_2_6\PA\PA_2_6_3_way_split.ipynb
2024-12-22 22:46:20,327 - INFO - No changes detected for C:\Users\ncore\Desktop\2024-files\content\Week_2_6\PA\PA_2_6_3_way_split.ipynb
2024-12-22 22:46:20,328 - INFO - Successfully processed C:\Users\ncore\Desktop\2024-files\content\Week_2_6\PA\PA_2_6_3_way_split.ipynb
2024-12-22 22:46:20,328 - INFO - Processing C:\Users\ncore\Desktop\2024-files\content\Week_2_6\PA\PA_2_6_solution.ipynb
2024-12-22 22:46:20,329 - INFO - No changes detected for C:\Users\ncore\Desktop\2024-files\content\Week_2_6\PA\PA_2_6_solution.ipynb
2024-12-22 22:46:20,329 - INFO - Successfully processed C:\Users\ncore\Desktop\2024-files\content\Week_2_6\PA\PA_2_6_solution.ipynb
2024-12-22 22:46:20,330 - INFO - Processing C:\Users\ncore\Desktop\2024-files\content\Week_2_7\WS_2_7_solution.ipynb
2024-12-22 22:46:20,333 - INFO - No changes detected for C:\Users\ncore\Desktop\2024-files\content\Week_2_7\WS_2_7_solution.ipynb
2024-12-22 22:46:20,333 - INFO - Successfully processed C:\Users\ncore\Desktop\2024-files\content\Week_2_7\WS_2_7_solution.ipynb
2024-12-22 22:46:20,333 - INFO - Processing C:\Users\ncore\Desktop\2024-files\content\Week_2_7\WS_2_7_student.ipynb
2024-12-22 22:46:20,334 - INFO - No changes detected for C:\Users\ncore\Desktop\2024-files\content\Week_2_7\WS_2_7_student.ipynb
2024-12-22 22:46:20,335 - INFO - Successfully processed C:\Users\ncore\Desktop\2024-files\content\Week_2_7\WS_2_7_student.ipynb
2024-12-22 22:46:20,557 - INFO - Synchronization completed successfully
